build/app/outputs/mapping/release/usage.txt
com.example.appd_abhishek.R$integer
com.example.appd_abhishek.BuildConfig
com.example.appd_abhishek.R$dimen
com.example.appd_abhishek.R$drawable
com.example.appd_abhishek.R$style
com.example.appd_abhishek.R$mipmap
com.example.appd_abhishek.R$attr
com.example.appd_abhishek.R
com.example.appd_abhishek.R$color
com.example.appd_abhishek.R$string
com.example.appd_abhishek.R$layout
com.example.appd_abhishek.R$styleable
com.example.appd_abhishek.R$id
...
androidx.core.widget.AutoSizeableTextView
androidx.fragment.app.FragmentTransitionCompat21$2
androidx.core.app.TaskStackBuilder
androidx.versionedparcelable.VersionedParcelStream
androidx.core.view.inputmethod.EditorInfoCompat
kotlin.text.Regex$fromInt$$inlined$apply$lambda$1
kotlin.jvm.internal.PropertyReference0Impl
androidx.lifecycle.LiveData$LifecycleBoundObserver:
    void <init>(androidx.lifecycle.LiveData,androidx.lifecycle.LifecycleOwner,androidx.lifecycle.Observer)
    boolean isAttachedTo(androidx.lifecycle.LifecycleOwner)
    void detachObserver()
androidx.core.content.ContextCompat$Api30Impl
androidx.core.content.res.ResourcesCompat$ThemeCompat
kotlin.random.KotlinRandom
kotlin.collections.SlidingWindowKt
kotlin.Result$Failure
kotlin.jvm.internal.CallableReference$NoReceiver
androidx.core.view.WindowInsetsCompat$TypeImpl30
androidx.viewpager.widget.ViewPager$4
kotlin.collections.AbstractSet
kotlin.time.Clock
kotlin.comparisons.ComparisonsKt__ComparisonsKt$thenBy$2
androidx.loader.R$dimen
androidx.core.provider.SelfDestructiveThread$3
kotlin.ranges.ClosedFloatingPointRange
androidx.lifecycle.Transformations$2$1
androidx.viewpager.widget.PagerTitleStrip$PageListener
androidx.core.view.KeyEventDispatcher$Component
kotlin.comparisons.ComparisonsKt__ComparisonsKt$then$1
io.flutter.view.AccessibilityBridge:
    public int getHoveredObjectId()
    public void reset()
    private static final java.lang.String TAG
    private static final int ACTION_SHOW_ON_SCREEN
    private static final float SCROLL_EXTENT_FOR_INFINITY
    private static final float SCROLL_POSITION_CAP_FOR_INFINITY
    private static final int ROOT_NODE_ID
    private static final int MIN_ENGINE_GENERATED_NODE_ID
kotlin.NumbersKt
io.flutter.plugin.common.EventChannel$StreamHandler
kotlin.jvm.internal.Ref$DoubleRef
org.intellij.lang.annotations.JdkConstants$InputEventMask
kotlin.annotation.AnnotationTarget
androidx.fragment.app.FragmentTransitionImpl$3
androidx.core.provider.FontsContractCompat$FontInfo
org.intellij.lang.annotations.JdkConstants$HorizontalAlignment
androidx.core.widget.NestedScrollView$SavedState
kotlin.ResultKt
androidx.core.view.OnReceiveContentViewBehavior
androidx.annotation.RequiresFeature
androidx.core.os.ParcelCompat
androidx.core.view.ViewPropertyAnimatorUpdateListener
androidx.core.location.GpsStatusWrapper
androidx.annotation.Px
kotlin.jvm.internal.MutablePropertyReference2
androidx.customview.widget.ViewDragHelper$Callback
androidx.core.net.MailTo
androidx.core.R$id
androidx.core.view.WindowInsetsCompat$BuilderImpl20
org.intellij.lang.annotations.JdkConstants$PatternFlags
androidx.fragment.app.BackStackState
androidx.viewpager.widget.PagerTabStrip$1
androidx.core.content.PermissionChecker$PermissionResult
kotlin.collections.EmptyMap
androidx.core.location.LocationManagerCompat$Api30Impl$1
kotlin.sequences.SequencesKt___SequencesKt$minus$4$iterator$1
androidx.core.app.ActivityCompat$SharedElementCallback21Impl$1
androidx.customview.R$drawable
androidx.core.app.NotificationManagerCompat$Task
androidx.core.os.ConfigurationCompat
androidx.core.util.Supplier
androidx.core.view.WindowCompat
kotlin.comparisons.ComparisonsKt__ComparisonsKt$compareBy$2
kotlin.text.StringsKt___StringsKt$asSequence$$inlined$Sequence$1
kotlin.coroutines.jvm.internal.SuspendLambda
kotlin.jvm.internal.Reflection
androidx.fragment.R
androidx.annotation.StringRes
kotlin.collections.ArraysKt___ArraysJvmKt$asList$2
androidx.lifecycle.OnLifecycleEvent
kotlin.collections.ArraysKt__ArraysKt
kotlin.reflect.KVisibility
io.flutter.embedding.engine.systemchannels.LifecycleChannel:
    private static final java.lang.String TAG
androidx.core.app.NotificationManagerCompat$ServiceConnectedEvent
kotlin.coroutines.SafeContinuation$Companion
kotlin.SinceKotlin
io.flutter.view.FlutterView$Provider
kotlin.TuplesKt
org.jetbrains.annotations.NonNls
kotlin.text.FlagEnum
androidx.core.content.SharedPreferencesCompat$EditorCompat$Helper